[debug] [2021-04-06T12:25:38.170Z] ----------------------------------------------------------------------
[debug] [2021-04-06T12:25:38.171Z] Command:       /usr/local/bin/node /usr/local/bin/firebase emulators:start
[debug] [2021-04-06T12:25:38.171Z] CLI Version:   9.4.0
[debug] [2021-04-06T12:25:38.171Z] Platform:      darwin
[debug] [2021-04-06T12:25:38.172Z] Node Version:  v14.15.1
[debug] [2021-04-06T12:25:38.172Z] Time:          Tue Apr 06 2021 16:25:38 GMT+0400 (Gulf Standard Time)
[debug] [2021-04-06T12:25:38.173Z] ----------------------------------------------------------------------
[debug] [2021-04-06T12:25:38.173Z] 
[debug] [2021-04-06T12:25:38.176Z] > command requires scopes: ["email","openid","https://www.googleapis.com/auth/cloudplatformprojects.readonly","https://www.googleapis.com/auth/firebase","https://www.googleapis.com/auth/cloud-platform"]
[debug] [2021-04-06T12:25:38.176Z] > authorizing via signed-in user
[info] i  emulators: Starting emulators: functions, hosting {"metadata":{"emulator":{"name":"hub"},"message":"Starting emulators: functions, hosting"}}
[debug] [2021-04-06T12:25:38.195Z] [hub] writing locator at /var/folders/8w/jv8q_h0j6j1b08s1xjdt08fc0000gn/T/hub-clone-18bba.json
[warn] ⚠  functions: The following emulators are not running, calls to these services from the Functions emulator will affect production: auth, firestore, database, pubsub {"metadata":{"emulator":{"name":"functions"},"message":"The following emulators are not running, calls to these services from the Functions emulator will affect production: \u001b[1mauth, firestore, database, pubsub\u001b[22m"}}
[warn] ⚠  Your requested "node" version "12" doesn't match your global version "14" {"metadata":{"emulator":{"name":"functions"},"message":"Your requested \"node\" version \"12\" doesn't match your global version \"14\""}}
[debug] [2021-04-06T12:25:38.210Z] defaultcredentials: writing to file /Users/shak/.config/firebase/shokre4_gmail_com_application_default_credentials.json
[debug] [2021-04-06T12:25:38.219Z] Setting GAC to /Users/shak/.config/firebase/shokre4_gmail_com_application_default_credentials.json {"metadata":{"emulator":{"name":"functions"},"message":"Setting GAC to /Users/shak/.config/firebase/shokre4_gmail_com_application_default_credentials.json"}}
[debug] [2021-04-06T12:25:38.221Z] >>> [apiv2][query] GET https://firebase.googleapis.com/v1beta1/projects/clone-18bba/adminSdkConfig [none]
[debug] [2021-04-06T12:25:38.816Z] <<< [apiv2][status] GET https://firebase.googleapis.com/v1beta1/projects/clone-18bba/adminSdkConfig 200
[debug] [2021-04-06T12:25:38.816Z] <<< [apiv2][body] GET https://firebase.googleapis.com/v1beta1/projects/clone-18bba/adminSdkConfig {"projectId":"clone-18bba","storageBucket":"clone-18bba.appspot.com"}
[debug] [2021-04-06T12:25:38.850Z] >>> [apiv2][query] GET https://firebase.googleapis.com/v1beta1/projects/clone-18bba/webApps/-/config [none]
[debug] [2021-04-06T12:25:39.834Z] <<< [apiv2][status] GET https://firebase.googleapis.com/v1beta1/projects/clone-18bba/webApps/-/config 200
[debug] [2021-04-06T12:25:39.834Z] <<< [apiv2][body] GET https://firebase.googleapis.com/v1beta1/projects/clone-18bba/webApps/-/config {"projectId":"clone-18bba","appId":"1:1049194776715:web:d0d8d611aff6cda2ba2c8e","storageBucket":"clone-18bba.appspot.com","apiKey":"AIzaSyAPY5povuJvo4I250VWCJz0YjZERkBh7fs","authDomain":"clone-18bba.firebaseapp.com","messagingSenderId":"1049194776715"}
[info] i  hosting: Serving hosting files from: build {"metadata":{"emulator":{"name":"hosting"},"message":"Serving hosting files from: \u001b[1mbuild\u001b[22m"}}
[info] ✔  hosting: Local server: http://localhost:5000 {"metadata":{"emulator":{"name":"hosting"},"message":"Local server: \u001b[4m\u001b[1mhttp://localhost:5000\u001b[22m\u001b[24m"}}
[debug] [2021-04-06T12:25:40.378Z] Ignoring unsupported arg: auto_download {"metadata":{"emulator":{"name":"ui"},"message":"Ignoring unsupported arg: auto_download"}}
[debug] [2021-04-06T12:25:40.378Z] Ignoring unsupported arg: port {"metadata":{"emulator":{"name":"ui"},"message":"Ignoring unsupported arg: port"}}
[debug] [2021-04-06T12:25:40.378Z] Starting Emulator UI with command {"binary":"node","args":["/Users/shak/.cache/firebase/emulators/ui-v1.4.1/server.bundle.js"],"optionalArgs":[],"joinArgs":false} {"metadata":{"emulator":{"name":"ui"},"message":"Starting Emulator UI with command {\"binary\":\"node\",\"args\":[\"/Users/shak/.cache/firebase/emulators/ui-v1.4.1/server.bundle.js\"],\"optionalArgs\":[],\"joinArgs\":false}"}}
[info] i  ui: Emulator UI logging to ui-debug.log {"metadata":{"emulator":{"name":"ui"},"message":"Emulator UI logging to \u001b[1mui-debug.log\u001b[22m"}}
[debug] [2021-04-06T12:25:40.458Z] Web / API server started at http://localhost:4000
 {"metadata":{"emulator":{"name":"ui"},"message":"Web / API server started at http://localhost:4000\n"}}
[info] i  functions: Watching "/Users/shak/Desktop/Apps/Reactjs/amazon-clone/functions" for Cloud Functions... {"metadata":{"emulator":{"name":"functions"},"message":"Watching \"/Users/shak/Desktop/Apps/Reactjs/amazon-clone/functions\" for Cloud Functions..."}}
[debug] [2021-04-06T12:25:40.643Z] [worker-pool] addWorker(~diagnostic~) {"metadata":{"emulator":{"name":"functions"},"message":"[worker-pool] addWorker(~diagnostic~)"}}
[debug] [2021-04-06T12:25:40.643Z] [worker-pool] Adding worker with key ~diagnostic~, total=1 {"metadata":{"emulator":{"name":"functions"},"message":"[worker-pool] Adding worker with key ~diagnostic~, total=1"}}
[debug] [2021-04-06T12:25:40.643Z] [worker-pool] submitWork(triggerId=) {"metadata":{"emulator":{"name":"functions"},"message":"[worker-pool] submitWork(triggerId=)"}}
[debug] [2021-04-06T12:25:40.643Z] [worker-~diagnostic~-c1008a39-e2c8-4471-9e63-aa0ae4c22388]: Assigning socketPath: /var/folders/8w/jv8q_h0j6j1b08s1xjdt08fc0000gn/T/fire_emu_4972.sock {"metadata":{"emulator":{"name":"functions"},"message":"[worker-~diagnostic~-c1008a39-e2c8-4471-9e63-aa0ae4c22388]: Assigning socketPath: /var/folders/8w/jv8q_h0j6j1b08s1xjdt08fc0000gn/T/fire_emu_4972.sock"}}
[debug] [2021-04-06T12:25:40.644Z] [worker-~diagnostic~-c1008a39-e2c8-4471-9e63-aa0ae4c22388]: BUSY {"metadata":{"emulator":{"name":"functions"},"message":"[worker-~diagnostic~-c1008a39-e2c8-4471-9e63-aa0ae4c22388]: BUSY"}}
[debug] [2021-04-06T12:25:40.767Z] [runtime-status] [4972] Functions runtime initialized. {"cwd":"/Users/shak/Desktop/Apps/Reactjs/amazon-clone/functions","node_version":"14.15.1"} {"metadata":{"emulator":{"name":"functions"},"message":"[runtime-status] [4972] Functions runtime initialized. {\"cwd\":\"/Users/shak/Desktop/Apps/Reactjs/amazon-clone/functions\",\"node_version\":\"14.15.1\"}"}}
[debug] [2021-04-06T12:25:40.768Z] [runtime-status] [4972] Disabled runtime features: undefined {"metadata":{"emulator":{"name":"functions"},"message":"[runtime-status] [4972] Disabled runtime features: undefined"}}
[debug] [2021-04-06T12:25:40.769Z] [runtime-status] [4972] Resolved module firebase-admin {"declared":true,"installed":true,"version":"9.5.0","resolution":"/Users/shak/Desktop/Apps/Reactjs/amazon-clone/functions/node_modules/firebase-admin/lib/index.js"} {"metadata":{"emulator":{"name":"functions"},"message":"[runtime-status] [4972] Resolved module firebase-admin {\"declared\":true,\"installed\":true,\"version\":\"9.5.0\",\"resolution\":\"/Users/shak/Desktop/Apps/Reactjs/amazon-clone/functions/node_modules/firebase-admin/lib/index.js\"}"}}
[debug] [2021-04-06T12:25:40.770Z] [runtime-status] [4972] Resolved module firebase-functions {"declared":true,"installed":true,"version":"3.13.2","resolution":"/Users/shak/Desktop/Apps/Reactjs/amazon-clone/functions/node_modules/firebase-functions/lib/index.js"} {"metadata":{"emulator":{"name":"functions"},"message":"[runtime-status] [4972] Resolved module firebase-functions {\"declared\":true,\"installed\":true,\"version\":\"3.13.2\",\"resolution\":\"/Users/shak/Desktop/Apps/Reactjs/amazon-clone/functions/node_modules/firebase-functions/lib/index.js\"}"}}
[debug] [2021-04-06T12:25:40.772Z] [runtime-status] [4972] Resolved module firebase-functions {"declared":true,"installed":true,"version":"3.13.2","resolution":"/Users/shak/Desktop/Apps/Reactjs/amazon-clone/functions/node_modules/firebase-functions/lib/index.js"} {"metadata":{"emulator":{"name":"functions"},"message":"[runtime-status] [4972] Resolved module firebase-functions {\"declared\":true,\"installed\":true,\"version\":\"3.13.2\",\"resolution\":\"/Users/shak/Desktop/Apps/Reactjs/amazon-clone/functions/node_modules/firebase-functions/lib/index.js\"}"}}
[debug] [2021-04-06T12:25:40.774Z] [runtime-status] [4972] Outgoing network have been stubbed. [{"name":"http","status":"mocked"},{"name":"http","status":"mocked"},{"name":"https","status":"mocked"},{"name":"https","status":"mocked"},{"name":"net","status":"mocked"}] {"metadata":{"emulator":{"name":"functions"},"message":"[runtime-status] [4972] Outgoing network have been stubbed. [{\"name\":\"http\",\"status\":\"mocked\"},{\"name\":\"http\",\"status\":\"mocked\"},{\"name\":\"https\",\"status\":\"mocked\"},{\"name\":\"https\",\"status\":\"mocked\"},{\"name\":\"net\",\"status\":\"mocked\"}]"}}
[debug] [2021-04-06T12:25:40.774Z] [runtime-status] [4972] Resolved module firebase-functions {"declared":true,"installed":true,"version":"3.13.2","resolution":"/Users/shak/Desktop/Apps/Reactjs/amazon-clone/functions/node_modules/firebase-functions/lib/index.js"} {"metadata":{"emulator":{"name":"functions"},"message":"[runtime-status] [4972] Resolved module firebase-functions {\"declared\":true,\"installed\":true,\"version\":\"3.13.2\",\"resolution\":\"/Users/shak/Desktop/Apps/Reactjs/amazon-clone/functions/node_modules/firebase-functions/lib/index.js\"}"}}
[debug] [2021-04-06T12:25:40.804Z] [runtime-status] [4972] Checked functions.config() {"config":{}} {"metadata":{"emulator":{"name":"functions"},"message":"[runtime-status] [4972] Checked functions.config() {\"config\":{}}"}}
[debug] [2021-04-06T12:25:40.805Z] [runtime-status] [4972] firebase-functions has been stubbed. {"functionsResolution":{"declared":true,"installed":true,"version":"3.13.2","resolution":"/Users/shak/Desktop/Apps/Reactjs/amazon-clone/functions/node_modules/firebase-functions/lib/index.js"}} {"metadata":{"emulator":{"name":"functions"},"message":"[runtime-status] [4972] firebase-functions has been stubbed. {\"functionsResolution\":{\"declared\":true,\"installed\":true,\"version\":\"3.13.2\",\"resolution\":\"/Users/shak/Desktop/Apps/Reactjs/amazon-clone/functions/node_modules/firebase-functions/lib/index.js\"}}"}}
[debug] [2021-04-06T12:25:40.805Z] [runtime-status] [4972] Resolved module firebase-functions {"declared":true,"installed":true,"version":"3.13.2","resolution":"/Users/shak/Desktop/Apps/Reactjs/amazon-clone/functions/node_modules/firebase-functions/lib/index.js"} {"metadata":{"emulator":{"name":"functions"},"message":"[runtime-status] [4972] Resolved module firebase-functions {\"declared\":true,\"installed\":true,\"version\":\"3.13.2\",\"resolution\":\"/Users/shak/Desktop/Apps/Reactjs/amazon-clone/functions/node_modules/firebase-functions/lib/index.js\"}"}}
[debug] [2021-04-06T12:25:40.806Z] [runtime-status] [4972] Resolved module firebase-admin {"declared":true,"installed":true,"version":"9.5.0","resolution":"/Users/shak/Desktop/Apps/Reactjs/amazon-clone/functions/node_modules/firebase-admin/lib/index.js"} {"metadata":{"emulator":{"name":"functions"},"message":"[runtime-status] [4972] Resolved module firebase-admin {\"declared\":true,\"installed\":true,\"version\":\"9.5.0\",\"resolution\":\"/Users/shak/Desktop/Apps/Reactjs/amazon-clone/functions/node_modules/firebase-admin/lib/index.js\"}"}}
[debug] [2021-04-06T12:25:40.806Z] [runtime-status] [4972] Resolved module firebase-functions {"declared":true,"installed":true,"version":"3.13.2","resolution":"/Users/shak/Desktop/Apps/Reactjs/amazon-clone/functions/node_modules/firebase-functions/lib/index.js"} {"metadata":{"emulator":{"name":"functions"},"message":"[runtime-status] [4972] Resolved module firebase-functions {\"declared\":true,\"installed\":true,\"version\":\"3.13.2\",\"resolution\":\"/Users/shak/Desktop/Apps/Reactjs/amazon-clone/functions/node_modules/firebase-functions/lib/index.js\"}"}}
[debug] [2021-04-06T12:25:40.806Z] [runtime-status] [4972] firebase-admin has been stubbed. {"adminResolution":{"declared":true,"installed":true,"version":"9.5.0","resolution":"/Users/shak/Desktop/Apps/Reactjs/amazon-clone/functions/node_modules/firebase-admin/lib/index.js"}} {"metadata":{"emulator":{"name":"functions"},"message":"[runtime-status] [4972] firebase-admin has been stubbed. {\"adminResolution\":{\"declared\":true,\"installed\":true,\"version\":\"9.5.0\",\"resolution\":\"/Users/shak/Desktop/Apps/Reactjs/amazon-clone/functions/node_modules/firebase-admin/lib/index.js\"}}"}}
[info] ✔  functions[api]: http function initialized (http://localhost:5001/clone-18bba/us-central1/api). {"metadata":{"emulator":{"name":"functions"},"message":"\u001b[1mhttp\u001b[22m function initialized (http://localhost:5001/clone-18bba/us-central1/api)."}}
[info] 
┌─────────────────────────────────────────────────────────────┐
│ ✔  All emulators ready! It is now safe to connect your app. │
│ i  View Emulator UI at http://localhost:4000                │
└─────────────────────────────────────────────────────────────┘

┌───────────┬────────────────┬─────────────────────────────────┐
│ Emulator  │ Host:Port      │ View in Emulator UI             │
├───────────┼────────────────┼─────────────────────────────────┤
│ Functions │ localhost:5001 │ http://localhost:4000/functions │
├───────────┼────────────────┼─────────────────────────────────┤
│ Hosting   │ localhost:5000 │ n/a                             │
└───────────┴────────────────┴─────────────────────────────────┘
  Emulator Hub running at localhost:4400
  Other reserved ports: 4500

Issues? Report them at https://github.com/firebase/firebase-tools/issues and attach the *-debug.log files.
 
[debug] [2021-04-06T12:25:40.893Z] [worker-~diagnostic~-c1008a39-e2c8-4471-9e63-aa0ae4c22388]: IDLE {"metadata":{"emulator":{"name":"functions"},"message":"[worker-~diagnostic~-c1008a39-e2c8-4471-9e63-aa0ae4c22388]: IDLE"}}
[debug] [2021-04-06T12:25:42.531Z] [work-queue] {"queueLength":1,"workRunningCount":0}
[debug] [2021-04-06T12:25:42.531Z] [work-queue] {"queueLength":0,"workRunningCount":1}
[debug] [2021-04-06T12:25:42.531Z] Accepted request GET /clone-18bba/us-central1/api --> api
[debug] [2021-04-06T12:25:42.535Z] [worker-pool] addWorker(api) {"metadata":{"emulator":{"name":"functions"},"message":"[worker-pool] addWorker(api)"}}
[debug] [2021-04-06T12:25:42.535Z] [worker-pool] Adding worker with key api, total=1 {"metadata":{"emulator":{"name":"functions"},"message":"[worker-pool] Adding worker with key api, total=1"}}
[debug] [2021-04-06T12:25:42.535Z] [worker-pool] submitWork(triggerId=api) {"metadata":{"emulator":{"name":"functions"},"message":"[worker-pool] submitWork(triggerId=api)"}}
[debug] [2021-04-06T12:25:42.536Z] [worker-api-e539a5d6-f8d5-42e1-b287-c312edb99eef]: Assigning socketPath: /var/folders/8w/jv8q_h0j6j1b08s1xjdt08fc0000gn/T/fire_emu_4973.sock {"metadata":{"emulator":{"name":"functions"},"message":"[worker-api-e539a5d6-f8d5-42e1-b287-c312edb99eef]: Assigning socketPath: /var/folders/8w/jv8q_h0j6j1b08s1xjdt08fc0000gn/T/fire_emu_4973.sock"}}
[debug] [2021-04-06T12:25:42.536Z] [worker-api-e539a5d6-f8d5-42e1-b287-c312edb99eef]: BUSY {"metadata":{"emulator":{"name":"functions"},"message":"[worker-api-e539a5d6-f8d5-42e1-b287-c312edb99eef]: BUSY"}}
[debug] [2021-04-06T12:25:42.651Z] [runtime-status] [4973] Functions runtime initialized. {"cwd":"/Users/shak/Desktop/Apps/Reactjs/amazon-clone/functions","node_version":"14.15.1"} {"metadata":{"emulator":{"name":"functions"},"function":{"name":"api"},"message":"[runtime-status] [4973] Functions runtime initialized. {\"cwd\":\"/Users/shak/Desktop/Apps/Reactjs/amazon-clone/functions\",\"node_version\":\"14.15.1\"}"}}
[debug] [2021-04-06T12:25:42.652Z] [runtime-status] [4973] Disabled runtime features: undefined {"metadata":{"emulator":{"name":"functions"},"function":{"name":"api"},"message":"[runtime-status] [4973] Disabled runtime features: undefined"}}
[debug] [2021-04-06T12:25:42.654Z] [runtime-status] [4973] Resolved module firebase-admin {"declared":true,"installed":true,"version":"9.5.0","resolution":"/Users/shak/Desktop/Apps/Reactjs/amazon-clone/functions/node_modules/firebase-admin/lib/index.js"} {"metadata":{"emulator":{"name":"functions"},"function":{"name":"api"},"message":"[runtime-status] [4973] Resolved module firebase-admin {\"declared\":true,\"installed\":true,\"version\":\"9.5.0\",\"resolution\":\"/Users/shak/Desktop/Apps/Reactjs/amazon-clone/functions/node_modules/firebase-admin/lib/index.js\"}"}}
[debug] [2021-04-06T12:25:42.654Z] [runtime-status] [4973] Resolved module firebase-functions {"declared":true,"installed":true,"version":"3.13.2","resolution":"/Users/shak/Desktop/Apps/Reactjs/amazon-clone/functions/node_modules/firebase-functions/lib/index.js"} {"metadata":{"emulator":{"name":"functions"},"function":{"name":"api"},"message":"[runtime-status] [4973] Resolved module firebase-functions {\"declared\":true,\"installed\":true,\"version\":\"3.13.2\",\"resolution\":\"/Users/shak/Desktop/Apps/Reactjs/amazon-clone/functions/node_modules/firebase-functions/lib/index.js\"}"}}
[debug] [2021-04-06T12:25:42.656Z] [runtime-status] [4973] Resolved module firebase-functions {"declared":true,"installed":true,"version":"3.13.2","resolution":"/Users/shak/Desktop/Apps/Reactjs/amazon-clone/functions/node_modules/firebase-functions/lib/index.js"} {"metadata":{"emulator":{"name":"functions"},"function":{"name":"api"},"message":"[runtime-status] [4973] Resolved module firebase-functions {\"declared\":true,\"installed\":true,\"version\":\"3.13.2\",\"resolution\":\"/Users/shak/Desktop/Apps/Reactjs/amazon-clone/functions/node_modules/firebase-functions/lib/index.js\"}"}}
[debug] [2021-04-06T12:25:42.658Z] [runtime-status] [4973] Outgoing network have been stubbed. [{"name":"http","status":"mocked"},{"name":"http","status":"mocked"},{"name":"https","status":"mocked"},{"name":"https","status":"mocked"},{"name":"net","status":"mocked"}] {"metadata":{"emulator":{"name":"functions"},"function":{"name":"api"},"message":"[runtime-status] [4973] Outgoing network have been stubbed. [{\"name\":\"http\",\"status\":\"mocked\"},{\"name\":\"http\",\"status\":\"mocked\"},{\"name\":\"https\",\"status\":\"mocked\"},{\"name\":\"https\",\"status\":\"mocked\"},{\"name\":\"net\",\"status\":\"mocked\"}]"}}
[debug] [2021-04-06T12:25:42.658Z] [runtime-status] [4973] Resolved module firebase-functions {"declared":true,"installed":true,"version":"3.13.2","resolution":"/Users/shak/Desktop/Apps/Reactjs/amazon-clone/functions/node_modules/firebase-functions/lib/index.js"} {"metadata":{"emulator":{"name":"functions"},"function":{"name":"api"},"message":"[runtime-status] [4973] Resolved module firebase-functions {\"declared\":true,\"installed\":true,\"version\":\"3.13.2\",\"resolution\":\"/Users/shak/Desktop/Apps/Reactjs/amazon-clone/functions/node_modules/firebase-functions/lib/index.js\"}"}}
[debug] [2021-04-06T12:25:42.682Z] [runtime-status] [4973] Checked functions.config() {"config":{}} {"metadata":{"emulator":{"name":"functions"},"function":{"name":"api"},"message":"[runtime-status] [4973] Checked functions.config() {\"config\":{}}"}}
[debug] [2021-04-06T12:25:42.683Z] [runtime-status] [4973] firebase-functions has been stubbed. {"functionsResolution":{"declared":true,"installed":true,"version":"3.13.2","resolution":"/Users/shak/Desktop/Apps/Reactjs/amazon-clone/functions/node_modules/firebase-functions/lib/index.js"}} {"metadata":{"emulator":{"name":"functions"},"function":{"name":"api"},"message":"[runtime-status] [4973] firebase-functions has been stubbed. {\"functionsResolution\":{\"declared\":true,\"installed\":true,\"version\":\"3.13.2\",\"resolution\":\"/Users/shak/Desktop/Apps/Reactjs/amazon-clone/functions/node_modules/firebase-functions/lib/index.js\"}}"}}
[debug] [2021-04-06T12:25:42.683Z] [runtime-status] [4973] Resolved module firebase-functions {"declared":true,"installed":true,"version":"3.13.2","resolution":"/Users/shak/Desktop/Apps/Reactjs/amazon-clone/functions/node_modules/firebase-functions/lib/index.js"} {"metadata":{"emulator":{"name":"functions"},"function":{"name":"api"},"message":"[runtime-status] [4973] Resolved module firebase-functions {\"declared\":true,\"installed\":true,\"version\":\"3.13.2\",\"resolution\":\"/Users/shak/Desktop/Apps/Reactjs/amazon-clone/functions/node_modules/firebase-functions/lib/index.js\"}"}}
[debug] [2021-04-06T12:25:42.683Z] [runtime-status] [4973] Resolved module firebase-admin {"declared":true,"installed":true,"version":"9.5.0","resolution":"/Users/shak/Desktop/Apps/Reactjs/amazon-clone/functions/node_modules/firebase-admin/lib/index.js"} {"metadata":{"emulator":{"name":"functions"},"function":{"name":"api"},"message":"[runtime-status] [4973] Resolved module firebase-admin {\"declared\":true,\"installed\":true,\"version\":\"9.5.0\",\"resolution\":\"/Users/shak/Desktop/Apps/Reactjs/amazon-clone/functions/node_modules/firebase-admin/lib/index.js\"}"}}
[debug] [2021-04-06T12:25:42.684Z] [runtime-status] [4973] Resolved module firebase-functions {"declared":true,"installed":true,"version":"3.13.2","resolution":"/Users/shak/Desktop/Apps/Reactjs/amazon-clone/functions/node_modules/firebase-functions/lib/index.js"} {"metadata":{"emulator":{"name":"functions"},"function":{"name":"api"},"message":"[runtime-status] [4973] Resolved module firebase-functions {\"declared\":true,\"installed\":true,\"version\":\"3.13.2\",\"resolution\":\"/Users/shak/Desktop/Apps/Reactjs/amazon-clone/functions/node_modules/firebase-functions/lib/index.js\"}"}}
[debug] [2021-04-06T12:25:42.684Z] [runtime-status] [4973] firebase-admin has been stubbed. {"adminResolution":{"declared":true,"installed":true,"version":"9.5.0","resolution":"/Users/shak/Desktop/Apps/Reactjs/amazon-clone/functions/node_modules/firebase-admin/lib/index.js"}} {"metadata":{"emulator":{"name":"functions"},"function":{"name":"api"},"message":"[runtime-status] [4973] firebase-admin has been stubbed. {\"adminResolution\":{\"declared\":true,\"installed\":true,\"version\":\"9.5.0\",\"resolution\":\"/Users/shak/Desktop/Apps/Reactjs/amazon-clone/functions/node_modules/firebase-admin/lib/index.js\"}}"}}
[debug] [2021-04-06T12:25:42.755Z] [runtime-status] [4973] Trigger "api" has been found, beginning invocation! {"metadata":{"emulator":{"name":"functions"},"function":{"name":"api"},"message":"[runtime-status] [4973] Trigger \"api\" has been found, beginning invocation!"}}
[info] i  functions: Beginning execution of "api" {"metadata":{"emulator":{"name":"functions"},"function":{"name":"api"},"message":"Beginning execution of \"api\""}}
[debug] [2021-04-06T12:25:42.756Z] [runtime-status] [4973] triggerDefinition {"httpsTrigger":{},"name":"api","entryPoint":"api"} {"metadata":{"emulator":{"name":"functions"},"function":{"name":"api"},"message":"[runtime-status] [4973] triggerDefinition {\"httpsTrigger\":{},\"name\":\"api\",\"entryPoint\":\"api\"}"}}
[debug] [2021-04-06T12:25:42.756Z] [runtime-status] [4973] Running api in mode HTTPS {"metadata":{"emulator":{"name":"functions"},"function":{"name":"api"},"message":"[runtime-status] [4973] Running api in mode HTTPS"}}
[debug] [2021-04-06T12:25:42.758Z] [runtime-status] [4973] Attempting to listen to socketPath: /var/folders/8w/jv8q_h0j6j1b08s1xjdt08fc0000gn/T/fire_emu_4973.sock {"metadata":{"emulator":{"name":"functions"},"function":{"name":"api"},"message":"[runtime-status] [4973] Attempting to listen to socketPath: /var/folders/8w/jv8q_h0j6j1b08s1xjdt08fc0000gn/T/fire_emu_4973.sock"}}
[debug] [2021-04-06T12:25:42.760Z] [functions] Runtime ready! Sending request! {"metadata":{"emulator":{"name":"functions"},"message":"[functions] Runtime ready! Sending request!"}}
[debug] [2021-04-06T12:25:42.761Z] [functions] Got req.url=/clone-18bba/us-central1/api, mapping to path=/ {"metadata":{"emulator":{"name":"functions"},"message":"[functions] Got req.url=/clone-18bba/us-central1/api, mapping to path=/"}}
[debug] [2021-04-06T12:25:42.765Z] [runtime-status] [4973] Ephemeral server handling GET request {"metadata":{"emulator":{"name":"functions"},"function":{"name":"api"},"message":"[runtime-status] [4973] Ephemeral server handling GET request"}}
[debug] [2021-04-06T12:25:42.774Z] [runtime-status] [4973] Ephemeral server survived. {"metadata":{"emulator":{"name":"functions"},"function":{"name":"api"},"message":"[runtime-status] [4973] Ephemeral server survived."}}
[info] i  functions: Finished "api" in ~1s {"metadata":{"emulator":{"name":"functions"},"function":{"name":"api"},"message":"Finished \"api\" in ~1s"}}
[debug] [2021-04-06T12:25:42.777Z] [worker-api-e539a5d6-f8d5-42e1-b287-c312edb99eef]: IDLE {"metadata":{"emulator":{"name":"functions"},"message":"[worker-api-e539a5d6-f8d5-42e1-b287-c312edb99eef]: IDLE"}}
[debug] [2021-04-06T12:25:42.777Z] [work-queue] {"queueLength":0,"workRunningCount":0}
[debug] [2021-04-06T12:25:56.800Z] [work-queue] {"queueLength":1,"workRunningCount":0}
[debug] [2021-04-06T12:25:56.801Z] [work-queue] {"queueLength":0,"workRunningCount":1}
[debug] [2021-04-06T12:25:56.801Z] Accepted request POST /clone-18bba/us-central1/api/payments/create?total=8997 --> api
[debug] [2021-04-06T12:25:56.801Z] [worker-pool] submitWork(triggerId=api) {"metadata":{"emulator":{"name":"functions"},"message":"[worker-pool] submitWork(triggerId=api)"}}
[debug] [2021-04-06T12:25:56.801Z] [worker-api-e539a5d6-f8d5-42e1-b287-c312edb99eef]: Assigning socketPath: /var/folders/8w/jv8q_h0j6j1b08s1xjdt08fc0000gn/T/fire_emu_4973.sock {"metadata":{"emulator":{"name":"functions"},"message":"[worker-api-e539a5d6-f8d5-42e1-b287-c312edb99eef]: Assigning socketPath: /var/folders/8w/jv8q_h0j6j1b08s1xjdt08fc0000gn/T/fire_emu_4973.sock"}}
[debug] [2021-04-06T12:25:56.801Z] [worker-api-e539a5d6-f8d5-42e1-b287-c312edb99eef]: BUSY {"metadata":{"emulator":{"name":"functions"},"message":"[worker-api-e539a5d6-f8d5-42e1-b287-c312edb99eef]: BUSY"}}
[debug] [2021-04-06T12:25:56.802Z] [runtime-status] [4973] Trigger "api" has been found, beginning invocation! {"metadata":{"emulator":{"name":"functions"},"function":{"name":"api"},"message":"[runtime-status] [4973] Trigger \"api\" has been found, beginning invocation!"}}
[info] i  functions: Beginning execution of "api" {"metadata":{"emulator":{"name":"functions"},"function":{"name":"api"},"message":"Beginning execution of \"api\""}}
[debug] [2021-04-06T12:25:56.802Z] [runtime-status] [4973] triggerDefinition {"httpsTrigger":{},"name":"api","entryPoint":"api"} {"metadata":{"emulator":{"name":"functions"},"function":{"name":"api"},"message":"[runtime-status] [4973] triggerDefinition {\"httpsTrigger\":{},\"name\":\"api\",\"entryPoint\":\"api\"}"}}
[debug] [2021-04-06T12:25:56.802Z] [runtime-status] [4973] Running api in mode HTTPS {"metadata":{"emulator":{"name":"functions"},"function":{"name":"api"},"message":"[runtime-status] [4973] Running api in mode HTTPS"}}
[debug] [2021-04-06T12:25:56.803Z] [runtime-status] [4973] Attempting to listen to socketPath: /var/folders/8w/jv8q_h0j6j1b08s1xjdt08fc0000gn/T/fire_emu_4973.sock {"metadata":{"emulator":{"name":"functions"},"function":{"name":"api"},"message":"[runtime-status] [4973] Attempting to listen to socketPath: /var/folders/8w/jv8q_h0j6j1b08s1xjdt08fc0000gn/T/fire_emu_4973.sock"}}
[debug] [2021-04-06T12:25:56.803Z] [functions] Runtime ready! Sending request! {"metadata":{"emulator":{"name":"functions"},"message":"[functions] Runtime ready! Sending request!"}}
[debug] [2021-04-06T12:25:56.804Z] [functions] Got req.url=/clone-18bba/us-central1/api/payments/create?total=8997, mapping to path=/payments/create?total=8997 {"metadata":{"emulator":{"name":"functions"},"message":"[functions] Got req.url=/clone-18bba/us-central1/api/payments/create?total=8997, mapping to path=/payments/create?total=8997"}}
[debug] [2021-04-06T12:25:56.807Z] [runtime-status] [4973] Ephemeral server handling POST request {"metadata":{"emulator":{"name":"functions"},"function":{"name":"api"},"message":"[runtime-status] [4973] Ephemeral server handling POST request"}}
[info] >  Payment Request Received BOOM !!! for this amount >>> 8997 {"user":"Payment Request Received BOOM !!! for this amount >>> 8997","metadata":{"emulator":{"name":"functions"},"function":{"name":"api"},"message":"\u001b[90m> \u001b[39m Payment Request Received BOOM !!! for this amount >>> 8997"}}
[debug] [2021-04-06T12:25:56.809Z] [runtime-status] [4973] Ephemeral server survived. {"metadata":{"emulator":{"name":"functions"},"function":{"name":"api"},"message":"[runtime-status] [4973] Ephemeral server survived."}}
[info] >  (node:4973) UnhandledPromiseRejectionWarning: TypeError: Cannot read property 'create' of undefined {"user":"(node:4973) UnhandledPromiseRejectionWarning: TypeError: Cannot read property 'create' of undefined","metadata":{"emulator":{"name":"functions"},"function":{"name":"api"},"message":"\u001b[90m> \u001b[39m (node:4973) UnhandledPromiseRejectionWarning: TypeError: Cannot read property 'create' of undefined"}}
[info] >      at /Users/shak/Desktop/Apps/Reactjs/amazon-clone/functions/index.js:22:52 {"user":"    at /Users/shak/Desktop/Apps/Reactjs/amazon-clone/functions/index.js:22:52","metadata":{"emulator":{"name":"functions"},"function":{"name":"api"},"message":"\u001b[90m> \u001b[39m     at /Users/shak/Desktop/Apps/Reactjs/amazon-clone/functions/index.js:22:52"}}
[info] >      at Layer.handle [as handle_request] (/Users/shak/Desktop/Apps/Reactjs/amazon-clone/functions/node_modules/express/lib/router/layer.js:95:5) {"user":"    at Layer.handle [as handle_request] (/Users/shak/Desktop/Apps/Reactjs/amazon-clone/functions/node_modules/express/lib/router/layer.js:95:5)","metadata":{"emulator":{"name":"functions"},"function":{"name":"api"},"message":"\u001b[90m> \u001b[39m     at Layer.handle [as handle_request] (/Users/shak/Desktop/Apps/Reactjs/amazon-clone/functions/node_modules/express/lib/router/layer.js:95:5)"}}
[info] >      at next (/Users/shak/Desktop/Apps/Reactjs/amazon-clone/functions/node_modules/express/lib/router/route.js:137:13) {"user":"    at next (/Users/shak/Desktop/Apps/Reactjs/amazon-clone/functions/node_modules/express/lib/router/route.js:137:13)","metadata":{"emulator":{"name":"functions"},"function":{"name":"api"},"message":"\u001b[90m> \u001b[39m     at next (/Users/shak/Desktop/Apps/Reactjs/amazon-clone/functions/node_modules/express/lib/router/route.js:137:13)"}}
[info] >      at Route.dispatch (/Users/shak/Desktop/Apps/Reactjs/amazon-clone/functions/node_modules/express/lib/router/route.js:112:3) {"user":"    at Route.dispatch (/Users/shak/Desktop/Apps/Reactjs/amazon-clone/functions/node_modules/express/lib/router/route.js:112:3)","metadata":{"emulator":{"name":"functions"},"function":{"name":"api"},"message":"\u001b[90m> \u001b[39m     at Route.dispatch (/Users/shak/Desktop/Apps/Reactjs/amazon-clone/functions/node_modules/express/lib/router/route.js:112:3)"}}
[info] >      at Layer.handle [as handle_request] (/Users/shak/Desktop/Apps/Reactjs/amazon-clone/functions/node_modules/express/lib/router/layer.js:95:5) {"user":"    at Layer.handle [as handle_request] (/Users/shak/Desktop/Apps/Reactjs/amazon-clone/functions/node_modules/express/lib/router/layer.js:95:5)","metadata":{"emulator":{"name":"functions"},"function":{"name":"api"},"message":"\u001b[90m> \u001b[39m     at Layer.handle [as handle_request] (/Users/shak/Desktop/Apps/Reactjs/amazon-clone/functions/node_modules/express/lib/router/layer.js:95:5)"}}
[info] >      at /Users/shak/Desktop/Apps/Reactjs/amazon-clone/functions/node_modules/express/lib/router/index.js:281:22 {"user":"    at /Users/shak/Desktop/Apps/Reactjs/amazon-clone/functions/node_modules/express/lib/router/index.js:281:22","metadata":{"emulator":{"name":"functions"},"function":{"name":"api"},"message":"\u001b[90m> \u001b[39m     at /Users/shak/Desktop/Apps/Reactjs/amazon-clone/functions/node_modules/express/lib/router/index.js:281:22"}}
[info] >      at Function.process_params (/Users/shak/Desktop/Apps/Reactjs/amazon-clone/functions/node_modules/express/lib/router/index.js:335:12) {"user":"    at Function.process_params (/Users/shak/Desktop/Apps/Reactjs/amazon-clone/functions/node_modules/express/lib/router/index.js:335:12)","metadata":{"emulator":{"name":"functions"},"function":{"name":"api"},"message":"\u001b[90m> \u001b[39m     at Function.process_params (/Users/shak/Desktop/Apps/Reactjs/amazon-clone/functions/node_modules/express/lib/router/index.js:335:12)"}}
[info] >      at next (/Users/shak/Desktop/Apps/Reactjs/amazon-clone/functions/node_modules/express/lib/router/index.js:275:10) {"user":"    at next (/Users/shak/Desktop/Apps/Reactjs/amazon-clone/functions/node_modules/express/lib/router/index.js:275:10)","metadata":{"emulator":{"name":"functions"},"function":{"name":"api"},"message":"\u001b[90m> \u001b[39m     at next (/Users/shak/Desktop/Apps/Reactjs/amazon-clone/functions/node_modules/express/lib/router/index.js:275:10)"}}
[info] >      at jsonParser (/Users/shak/Desktop/Apps/Reactjs/amazon-clone/functions/node_modules/body-parser/lib/types/json.js:119:7) {"user":"    at jsonParser (/Users/shak/Desktop/Apps/Reactjs/amazon-clone/functions/node_modules/body-parser/lib/types/json.js:119:7)","metadata":{"emulator":{"name":"functions"},"function":{"name":"api"},"message":"\u001b[90m> \u001b[39m     at jsonParser (/Users/shak/Desktop/Apps/Reactjs/amazon-clone/functions/node_modules/body-parser/lib/types/json.js:119:7)"}}
[info] >      at Layer.handle [as handle_request] (/Users/shak/Desktop/Apps/Reactjs/amazon-clone/functions/node_modules/express/lib/router/layer.js:95:5) {"user":"    at Layer.handle [as handle_request] (/Users/shak/Desktop/Apps/Reactjs/amazon-clone/functions/node_modules/express/lib/router/layer.js:95:5)","metadata":{"emulator":{"name":"functions"},"function":{"name":"api"},"message":"\u001b[90m> \u001b[39m     at Layer.handle [as handle_request] (/Users/shak/Desktop/Apps/Reactjs/amazon-clone/functions/node_modules/express/lib/router/layer.js:95:5)"}}
[info] >  (Use `node --trace-warnings ...` to show where the warning was created) {"user":"(Use `node --trace-warnings ...` to show where the warning was created)","metadata":{"emulator":{"name":"functions"},"function":{"name":"api"},"message":"\u001b[90m> \u001b[39m (Use `node --trace-warnings ...` to show where the warning was created)"}}
[info] >  (node:4973) UnhandledPromiseRejectionWarning: Unhandled promise rejection. This error originated either by throwing inside of an async function without a catch block, or by rejecting a promise which was not handled with .catch(). To terminate the node process on unhandled promise rejection, use the CLI flag `--unhandled-rejections=strict` (see https://nodejs.org/api/cli.html#cli_unhandled_rejections_mode). (rejection id: 1) {"user":"(node:4973) UnhandledPromiseRejectionWarning: Unhandled promise rejection. This error originated either by throwing inside of an async function without a catch block, or by rejecting a promise which was not handled with .catch(). To terminate the node process on unhandled promise rejection, use the CLI flag `--unhandled-rejections=strict` (see https://nodejs.org/api/cli.html#cli_unhandled_rejections_mode). (rejection id: 1)","metadata":{"emulator":{"name":"functions"},"function":{"name":"api"},"message":"\u001b[90m> \u001b[39m (node:4973) UnhandledPromiseRejectionWarning: Unhandled promise rejection. This error originated either by throwing inside of an async function without a catch block, or by rejecting a promise which was not handled with .catch(). To terminate the node process on unhandled promise rejection, use the CLI flag `--unhandled-rejections=strict` (see https://nodejs.org/api/cli.html#cli_unhandled_rejections_mode). (rejection id: 1)"}}
[info] >  (node:4973) [DEP0018] DeprecationWarning: Unhandled promise rejections are deprecated. In the future, promise rejections that are not handled will terminate the Node.js process with a non-zero exit code. {"user":"(node:4973) [DEP0018] DeprecationWarning: Unhandled promise rejections are deprecated. In the future, promise rejections that are not handled will terminate the Node.js process with a non-zero exit code.","metadata":{"emulator":{"name":"functions"},"function":{"name":"api"},"message":"\u001b[90m> \u001b[39m (node:4973) [DEP0018] DeprecationWarning: Unhandled promise rejections are deprecated. In the future, promise rejections that are not handled will terminate the Node.js process with a non-zero exit code."}}
[warn] ⚠  functions: Your function timed out after ~60s. To configure this timeout, see
      https://firebase.google.com/docs/functions/manage-functions#set_timeout_and_memory_allocation. {"metadata":{"emulator":{"name":"functions"},"function":{"name":"api"},"message":"Your function timed out after ~60s. To configure this timeout, see\n      https://firebase.google.com/docs/functions/manage-functions#set_timeout_and_memory_allocation."}}
[info] >  /usr/local/lib/node_modules/firebase-tools/lib/emulator/functionsEmulatorRuntime.js:642 {"user":"/usr/local/lib/node_modules/firebase-tools/lib/emulator/functionsEmulatorRuntime.js:642","metadata":{"emulator":{"name":"functions"},"function":{"name":"api"},"message":"\u001b[90m> \u001b[39m /usr/local/lib/node_modules/firebase-tools/lib/emulator/functionsEmulatorRuntime.js:642"}}
[info] >              throw new Error("Function timed out."); {"user":"            throw new Error(\"Function timed out.\");","metadata":{"emulator":{"name":"functions"},"function":{"name":"api"},"message":"\u001b[90m> \u001b[39m             throw new Error(\"Function timed out.\");"}}
[info] >              ^ {"user":"            ^","metadata":{"emulator":{"name":"functions"},"function":{"name":"api"},"message":"\u001b[90m> \u001b[39m             ^"}}
[info] >   {"user":"","metadata":{"emulator":{"name":"functions"},"function":{"name":"api"},"message":"\u001b[90m> \u001b[39m "}}
[info] >  Error: Function timed out. {"user":"Error: Function timed out.","metadata":{"emulator":{"name":"functions"},"function":{"name":"api"},"message":"\u001b[90m> \u001b[39m Error: Function timed out."}}
[info] >      at Timeout._onTimeout (/usr/local/lib/node_modules/firebase-tools/lib/emulator/functionsEmulatorRuntime.js:642:19) {"user":"    at Timeout._onTimeout (/usr/local/lib/node_modules/firebase-tools/lib/emulator/functionsEmulatorRuntime.js:642:19)","metadata":{"emulator":{"name":"functions"},"function":{"name":"api"},"message":"\u001b[90m> \u001b[39m     at Timeout._onTimeout (/usr/local/lib/node_modules/firebase-tools/lib/emulator/functionsEmulatorRuntime.js:642:19)"}}
[info] >      at listOnTimeout (internal/timers.js:554:17) {"user":"    at listOnTimeout (internal/timers.js:554:17)","metadata":{"emulator":{"name":"functions"},"function":{"name":"api"},"message":"\u001b[90m> \u001b[39m     at listOnTimeout (internal/timers.js:554:17)"}}
[info] >      at processTimers (internal/timers.js:497:7) {"user":"    at processTimers (internal/timers.js:497:7)","metadata":{"emulator":{"name":"functions"},"function":{"name":"api"},"message":"\u001b[90m> \u001b[39m     at processTimers (internal/timers.js:497:7)"}}
[debug] [2021-04-06T12:26:56.816Z] [worker-api-e539a5d6-f8d5-42e1-b287-c312edb99eef]: exited {"metadata":{"emulator":{"name":"functions"},"message":"[worker-api-e539a5d6-f8d5-42e1-b287-c312edb99eef]: exited"}}
[debug] [2021-04-06T12:26:56.816Z] [worker-api-e539a5d6-f8d5-42e1-b287-c312edb99eef]: FINISHED {"metadata":{"emulator":{"name":"functions"},"message":"[worker-api-e539a5d6-f8d5-42e1-b287-c312edb99eef]: FINISHED"}}
[debug] [2021-04-06T12:26:56.816Z] [work-queue] {"queueLength":0,"workRunningCount":0}
[debug] [2021-04-06T12:41:58.843Z] File /Users/shak/Desktop/Apps/Reactjs/amazon-clone/functions/index.js changed, reloading triggers {"metadata":{"emulator":{"name":"functions"},"message":"File /Users/shak/Desktop/Apps/Reactjs/amazon-clone/functions/index.js changed, reloading triggers"}}
[debug] [2021-04-06T12:41:59.845Z] [worker-pool] Shutting down IDLE worker (~diagnostic~) {"metadata":{"emulator":{"name":"functions"},"message":"[worker-pool] Shutting down IDLE worker (~diagnostic~)"}}
[debug] [2021-04-06T12:41:59.845Z] [worker-~diagnostic~-c1008a39-e2c8-4471-9e63-aa0ae4c22388]: FINISHING {"metadata":{"emulator":{"name":"functions"},"message":"[worker-~diagnostic~-c1008a39-e2c8-4471-9e63-aa0ae4c22388]: FINISHING"}}
[debug] [2021-04-06T12:41:59.845Z] [worker-pool] Cleaned up workers for api: 1 --> 0 {"metadata":{"emulator":{"name":"functions"},"message":"[worker-pool] Cleaned up workers for api: 1 --> 0"}}
[debug] [2021-04-06T12:41:59.850Z] [worker-pool] addWorker(~diagnostic~) {"metadata":{"emulator":{"name":"functions"},"message":"[worker-pool] addWorker(~diagnostic~)"}}
[debug] [2021-04-06T12:41:59.850Z] [worker-pool] Adding worker with key ~diagnostic~, total=2 {"metadata":{"emulator":{"name":"functions"},"message":"[worker-pool] Adding worker with key ~diagnostic~, total=2"}}
[debug] [2021-04-06T12:41:59.850Z] [worker-pool] submitWork(triggerId=) {"metadata":{"emulator":{"name":"functions"},"message":"[worker-pool] submitWork(triggerId=)"}}
[debug] [2021-04-06T12:41:59.850Z] [worker-~diagnostic~-c35abb04-3a00-4c70-9bdf-25fdee0ab778]: Assigning socketPath: /var/folders/8w/jv8q_h0j6j1b08s1xjdt08fc0000gn/T/fire_emu_5050.sock {"metadata":{"emulator":{"name":"functions"},"message":"[worker-~diagnostic~-c35abb04-3a00-4c70-9bdf-25fdee0ab778]: Assigning socketPath: /var/folders/8w/jv8q_h0j6j1b08s1xjdt08fc0000gn/T/fire_emu_5050.sock"}}
[debug] [2021-04-06T12:41:59.851Z] [worker-~diagnostic~-c35abb04-3a00-4c70-9bdf-25fdee0ab778]: BUSY {"metadata":{"emulator":{"name":"functions"},"message":"[worker-~diagnostic~-c35abb04-3a00-4c70-9bdf-25fdee0ab778]: BUSY"}}
[debug] [2021-04-06T12:41:59.851Z] [worker-~diagnostic~-c1008a39-e2c8-4471-9e63-aa0ae4c22388]: exited {"metadata":{"emulator":{"name":"functions"},"message":"[worker-~diagnostic~-c1008a39-e2c8-4471-9e63-aa0ae4c22388]: exited"}}
[debug] [2021-04-06T12:41:59.852Z] [worker-~diagnostic~-c1008a39-e2c8-4471-9e63-aa0ae4c22388]: FINISHED {"metadata":{"emulator":{"name":"functions"},"message":"[worker-~diagnostic~-c1008a39-e2c8-4471-9e63-aa0ae4c22388]: FINISHED"}}
[debug] [2021-04-06T12:42:00.040Z] [runtime-status] [5050] Functions runtime initialized. {"cwd":"/Users/shak/Desktop/Apps/Reactjs/amazon-clone/functions","node_version":"14.15.1"} {"metadata":{"emulator":{"name":"functions"},"message":"[runtime-status] [5050] Functions runtime initialized. {\"cwd\":\"/Users/shak/Desktop/Apps/Reactjs/amazon-clone/functions\",\"node_version\":\"14.15.1\"}"}}
[debug] [2021-04-06T12:42:00.041Z] [runtime-status] [5050] Disabled runtime features: undefined {"metadata":{"emulator":{"name":"functions"},"message":"[runtime-status] [5050] Disabled runtime features: undefined"}}
[debug] [2021-04-06T12:42:00.043Z] [runtime-status] [5050] Resolved module firebase-admin {"declared":true,"installed":true,"version":"9.5.0","resolution":"/Users/shak/Desktop/Apps/Reactjs/amazon-clone/functions/node_modules/firebase-admin/lib/index.js"} {"metadata":{"emulator":{"name":"functions"},"message":"[runtime-status] [5050] Resolved module firebase-admin {\"declared\":true,\"installed\":true,\"version\":\"9.5.0\",\"resolution\":\"/Users/shak/Desktop/Apps/Reactjs/amazon-clone/functions/node_modules/firebase-admin/lib/index.js\"}"}}
[debug] [2021-04-06T12:42:00.044Z] [runtime-status] [5050] Resolved module firebase-functions {"declared":true,"installed":true,"version":"3.13.2","resolution":"/Users/shak/Desktop/Apps/Reactjs/amazon-clone/functions/node_modules/firebase-functions/lib/index.js"} {"metadata":{"emulator":{"name":"functions"},"message":"[runtime-status] [5050] Resolved module firebase-functions {\"declared\":true,\"installed\":true,\"version\":\"3.13.2\",\"resolution\":\"/Users/shak/Desktop/Apps/Reactjs/amazon-clone/functions/node_modules/firebase-functions/lib/index.js\"}"}}
[debug] [2021-04-06T12:42:00.046Z] [runtime-status] [5050] Resolved module firebase-functions {"declared":true,"installed":true,"version":"3.13.2","resolution":"/Users/shak/Desktop/Apps/Reactjs/amazon-clone/functions/node_modules/firebase-functions/lib/index.js"} {"metadata":{"emulator":{"name":"functions"},"message":"[runtime-status] [5050] Resolved module firebase-functions {\"declared\":true,\"installed\":true,\"version\":\"3.13.2\",\"resolution\":\"/Users/shak/Desktop/Apps/Reactjs/amazon-clone/functions/node_modules/firebase-functions/lib/index.js\"}"}}
[debug] [2021-04-06T12:42:00.047Z] [runtime-status] [5050] Outgoing network have been stubbed. [{"name":"http","status":"mocked"},{"name":"http","status":"mocked"},{"name":"https","status":"mocked"},{"name":"https","status":"mocked"},{"name":"net","status":"mocked"}] {"metadata":{"emulator":{"name":"functions"},"message":"[runtime-status] [5050] Outgoing network have been stubbed. [{\"name\":\"http\",\"status\":\"mocked\"},{\"name\":\"http\",\"status\":\"mocked\"},{\"name\":\"https\",\"status\":\"mocked\"},{\"name\":\"https\",\"status\":\"mocked\"},{\"name\":\"net\",\"status\":\"mocked\"}]"}}
[debug] [2021-04-06T12:42:00.047Z] [runtime-status] [5050] Resolved module firebase-functions {"declared":true,"installed":true,"version":"3.13.2","resolution":"/Users/shak/Desktop/Apps/Reactjs/amazon-clone/functions/node_modules/firebase-functions/lib/index.js"} {"metadata":{"emulator":{"name":"functions"},"message":"[runtime-status] [5050] Resolved module firebase-functions {\"declared\":true,\"installed\":true,\"version\":\"3.13.2\",\"resolution\":\"/Users/shak/Desktop/Apps/Reactjs/amazon-clone/functions/node_modules/firebase-functions/lib/index.js\"}"}}
[debug] [2021-04-06T12:42:00.091Z] [runtime-status] [5050] Checked functions.config() {"config":{}} {"metadata":{"emulator":{"name":"functions"},"message":"[runtime-status] [5050] Checked functions.config() {\"config\":{}}"}}
[debug] [2021-04-06T12:42:00.091Z] [runtime-status] [5050] firebase-functions has been stubbed. {"functionsResolution":{"declared":true,"installed":true,"version":"3.13.2","resolution":"/Users/shak/Desktop/Apps/Reactjs/amazon-clone/functions/node_modules/firebase-functions/lib/index.js"}} {"metadata":{"emulator":{"name":"functions"},"message":"[runtime-status] [5050] firebase-functions has been stubbed. {\"functionsResolution\":{\"declared\":true,\"installed\":true,\"version\":\"3.13.2\",\"resolution\":\"/Users/shak/Desktop/Apps/Reactjs/amazon-clone/functions/node_modules/firebase-functions/lib/index.js\"}}"}}
[debug] [2021-04-06T12:42:00.091Z] [runtime-status] [5050] Resolved module firebase-functions {"declared":true,"installed":true,"version":"3.13.2","resolution":"/Users/shak/Desktop/Apps/Reactjs/amazon-clone/functions/node_modules/firebase-functions/lib/index.js"} {"metadata":{"emulator":{"name":"functions"},"message":"[runtime-status] [5050] Resolved module firebase-functions {\"declared\":true,\"installed\":true,\"version\":\"3.13.2\",\"resolution\":\"/Users/shak/Desktop/Apps/Reactjs/amazon-clone/functions/node_modules/firebase-functions/lib/index.js\"}"}}
[debug] [2021-04-06T12:42:00.092Z] [runtime-status] [5050] Resolved module firebase-admin {"declared":true,"installed":true,"version":"9.5.0","resolution":"/Users/shak/Desktop/Apps/Reactjs/amazon-clone/functions/node_modules/firebase-admin/lib/index.js"} {"metadata":{"emulator":{"name":"functions"},"message":"[runtime-status] [5050] Resolved module firebase-admin {\"declared\":true,\"installed\":true,\"version\":\"9.5.0\",\"resolution\":\"/Users/shak/Desktop/Apps/Reactjs/amazon-clone/functions/node_modules/firebase-admin/lib/index.js\"}"}}
[debug] [2021-04-06T12:42:00.092Z] [runtime-status] [5050] Resolved module firebase-functions {"declared":true,"installed":true,"version":"3.13.2","resolution":"/Users/shak/Desktop/Apps/Reactjs/amazon-clone/functions/node_modules/firebase-functions/lib/index.js"} {"metadata":{"emulator":{"name":"functions"},"message":"[runtime-status] [5050] Resolved module firebase-functions {\"declared\":true,\"installed\":true,\"version\":\"3.13.2\",\"resolution\":\"/Users/shak/Desktop/Apps/Reactjs/amazon-clone/functions/node_modules/firebase-functions/lib/index.js\"}"}}
[debug] [2021-04-06T12:42:00.092Z] [runtime-status] [5050] firebase-admin has been stubbed. {"adminResolution":{"declared":true,"installed":true,"version":"9.5.0","resolution":"/Users/shak/Desktop/Apps/Reactjs/amazon-clone/functions/node_modules/firebase-admin/lib/index.js"}} {"metadata":{"emulator":{"name":"functions"},"message":"[runtime-status] [5050] firebase-admin has been stubbed. {\"adminResolution\":{\"declared\":true,\"installed\":true,\"version\":\"9.5.0\",\"resolution\":\"/Users/shak/Desktop/Apps/Reactjs/amazon-clone/functions/node_modules/firebase-admin/lib/index.js\"}}"}}
[debug] [2021-04-06T12:42:00.208Z] [worker-~diagnostic~-c35abb04-3a00-4c70-9bdf-25fdee0ab778]: IDLE {"metadata":{"emulator":{"name":"functions"},"message":"[worker-~diagnostic~-c35abb04-3a00-4c70-9bdf-25fdee0ab778]: IDLE"}}
[debug] [2021-04-06T12:42:11.741Z] [work-queue] {"queueLength":1,"workRunningCount":0}
[debug] [2021-04-06T12:42:11.741Z] [work-queue] {"queueLength":0,"workRunningCount":1}
[debug] [2021-04-06T12:42:11.741Z] Accepted request GET /clone-18bba/us-central1/api --> api
[debug] [2021-04-06T12:42:11.742Z] [worker-pool] Cleaned up workers for ~diagnostic~: 2 --> 1 {"metadata":{"emulator":{"name":"functions"},"message":"[worker-pool] Cleaned up workers for ~diagnostic~: 2 --> 1"}}
[debug] [2021-04-06T12:42:11.745Z] [worker-pool] addWorker(api) {"metadata":{"emulator":{"name":"functions"},"message":"[worker-pool] addWorker(api)"}}
[debug] [2021-04-06T12:42:11.745Z] [worker-pool] Adding worker with key api, total=1 {"metadata":{"emulator":{"name":"functions"},"message":"[worker-pool] Adding worker with key api, total=1"}}
[debug] [2021-04-06T12:42:11.745Z] [worker-pool] submitWork(triggerId=api) {"metadata":{"emulator":{"name":"functions"},"message":"[worker-pool] submitWork(triggerId=api)"}}
[debug] [2021-04-06T12:42:11.745Z] [worker-api-ba8ef2d4-2b55-4fc6-a0d9-2df452cf916d]: Assigning socketPath: /var/folders/8w/jv8q_h0j6j1b08s1xjdt08fc0000gn/T/fire_emu_5060.sock {"metadata":{"emulator":{"name":"functions"},"message":"[worker-api-ba8ef2d4-2b55-4fc6-a0d9-2df452cf916d]: Assigning socketPath: /var/folders/8w/jv8q_h0j6j1b08s1xjdt08fc0000gn/T/fire_emu_5060.sock"}}
[debug] [2021-04-06T12:42:11.746Z] [worker-api-ba8ef2d4-2b55-4fc6-a0d9-2df452cf916d]: BUSY {"metadata":{"emulator":{"name":"functions"},"message":"[worker-api-ba8ef2d4-2b55-4fc6-a0d9-2df452cf916d]: BUSY"}}
[debug] [2021-04-06T12:42:11.863Z] [runtime-status] [5060] Functions runtime initialized. {"cwd":"/Users/shak/Desktop/Apps/Reactjs/amazon-clone/functions","node_version":"14.15.1"} {"metadata":{"emulator":{"name":"functions"},"function":{"name":"api"},"message":"[runtime-status] [5060] Functions runtime initialized. {\"cwd\":\"/Users/shak/Desktop/Apps/Reactjs/amazon-clone/functions\",\"node_version\":\"14.15.1\"}"}}
[debug] [2021-04-06T12:42:11.864Z] [runtime-status] [5060] Disabled runtime features: undefined {"metadata":{"emulator":{"name":"functions"},"function":{"name":"api"},"message":"[runtime-status] [5060] Disabled runtime features: undefined"}}
[debug] [2021-04-06T12:42:11.865Z] [runtime-status] [5060] Resolved module firebase-admin {"declared":true,"installed":true,"version":"9.5.0","resolution":"/Users/shak/Desktop/Apps/Reactjs/amazon-clone/functions/node_modules/firebase-admin/lib/index.js"} {"metadata":{"emulator":{"name":"functions"},"function":{"name":"api"},"message":"[runtime-status] [5060] Resolved module firebase-admin {\"declared\":true,\"installed\":true,\"version\":\"9.5.0\",\"resolution\":\"/Users/shak/Desktop/Apps/Reactjs/amazon-clone/functions/node_modules/firebase-admin/lib/index.js\"}"}}
[debug] [2021-04-06T12:42:11.866Z] [runtime-status] [5060] Resolved module firebase-functions {"declared":true,"installed":true,"version":"3.13.2","resolution":"/Users/shak/Desktop/Apps/Reactjs/amazon-clone/functions/node_modules/firebase-functions/lib/index.js"} {"metadata":{"emulator":{"name":"functions"},"function":{"name":"api"},"message":"[runtime-status] [5060] Resolved module firebase-functions {\"declared\":true,\"installed\":true,\"version\":\"3.13.2\",\"resolution\":\"/Users/shak/Desktop/Apps/Reactjs/amazon-clone/functions/node_modules/firebase-functions/lib/index.js\"}"}}
[debug] [2021-04-06T12:42:11.868Z] [runtime-status] [5060] Resolved module firebase-functions {"declared":true,"installed":true,"version":"3.13.2","resolution":"/Users/shak/Desktop/Apps/Reactjs/amazon-clone/functions/node_modules/firebase-functions/lib/index.js"} {"metadata":{"emulator":{"name":"functions"},"function":{"name":"api"},"message":"[runtime-status] [5060] Resolved module firebase-functions {\"declared\":true,\"installed\":true,\"version\":\"3.13.2\",\"resolution\":\"/Users/shak/Desktop/Apps/Reactjs/amazon-clone/functions/node_modules/firebase-functions/lib/index.js\"}"}}
[debug] [2021-04-06T12:42:11.869Z] [runtime-status] [5060] Outgoing network have been stubbed. [{"name":"http","status":"mocked"},{"name":"http","status":"mocked"},{"name":"https","status":"mocked"},{"name":"https","status":"mocked"},{"name":"net","status":"mocked"}] {"metadata":{"emulator":{"name":"functions"},"function":{"name":"api"},"message":"[runtime-status] [5060] Outgoing network have been stubbed. [{\"name\":\"http\",\"status\":\"mocked\"},{\"name\":\"http\",\"status\":\"mocked\"},{\"name\":\"https\",\"status\":\"mocked\"},{\"name\":\"https\",\"status\":\"mocked\"},{\"name\":\"net\",\"status\":\"mocked\"}]"}}
[debug] [2021-04-06T12:42:11.870Z] [runtime-status] [5060] Resolved module firebase-functions {"declared":true,"installed":true,"version":"3.13.2","resolution":"/Users/shak/Desktop/Apps/Reactjs/amazon-clone/functions/node_modules/firebase-functions/lib/index.js"} {"metadata":{"emulator":{"name":"functions"},"function":{"name":"api"},"message":"[runtime-status] [5060] Resolved module firebase-functions {\"declared\":true,\"installed\":true,\"version\":\"3.13.2\",\"resolution\":\"/Users/shak/Desktop/Apps/Reactjs/amazon-clone/functions/node_modules/firebase-functions/lib/index.js\"}"}}
[debug] [2021-04-06T12:42:11.896Z] [runtime-status] [5060] Checked functions.config() {"config":{}} {"metadata":{"emulator":{"name":"functions"},"function":{"name":"api"},"message":"[runtime-status] [5060] Checked functions.config() {\"config\":{}}"}}
[debug] [2021-04-06T12:42:11.896Z] [runtime-status] [5060] firebase-functions has been stubbed. {"functionsResolution":{"declared":true,"installed":true,"version":"3.13.2","resolution":"/Users/shak/Desktop/Apps/Reactjs/amazon-clone/functions/node_modules/firebase-functions/lib/index.js"}} {"metadata":{"emulator":{"name":"functions"},"function":{"name":"api"},"message":"[runtime-status] [5060] firebase-functions has been stubbed. {\"functionsResolution\":{\"declared\":true,\"installed\":true,\"version\":\"3.13.2\",\"resolution\":\"/Users/shak/Desktop/Apps/Reactjs/amazon-clone/functions/node_modules/firebase-functions/lib/index.js\"}}"}}
[debug] [2021-04-06T12:42:11.896Z] [runtime-status] [5060] Resolved module firebase-functions {"declared":true,"installed":true,"version":"3.13.2","resolution":"/Users/shak/Desktop/Apps/Reactjs/amazon-clone/functions/node_modules/firebase-functions/lib/index.js"} {"metadata":{"emulator":{"name":"functions"},"function":{"name":"api"},"message":"[runtime-status] [5060] Resolved module firebase-functions {\"declared\":true,\"installed\":true,\"version\":\"3.13.2\",\"resolution\":\"/Users/shak/Desktop/Apps/Reactjs/amazon-clone/functions/node_modules/firebase-functions/lib/index.js\"}"}}
[debug] [2021-04-06T12:42:11.897Z] [runtime-status] [5060] Resolved module firebase-admin {"declared":true,"installed":true,"version":"9.5.0","resolution":"/Users/shak/Desktop/Apps/Reactjs/amazon-clone/functions/node_modules/firebase-admin/lib/index.js"} {"metadata":{"emulator":{"name":"functions"},"function":{"name":"api"},"message":"[runtime-status] [5060] Resolved module firebase-admin {\"declared\":true,\"installed\":true,\"version\":\"9.5.0\",\"resolution\":\"/Users/shak/Desktop/Apps/Reactjs/amazon-clone/functions/node_modules/firebase-admin/lib/index.js\"}"}}
[debug] [2021-04-06T12:42:11.897Z] [runtime-status] [5060] Resolved module firebase-functions {"declared":true,"installed":true,"version":"3.13.2","resolution":"/Users/shak/Desktop/Apps/Reactjs/amazon-clone/functions/node_modules/firebase-functions/lib/index.js"} {"metadata":{"emulator":{"name":"functions"},"function":{"name":"api"},"message":"[runtime-status] [5060] Resolved module firebase-functions {\"declared\":true,\"installed\":true,\"version\":\"3.13.2\",\"resolution\":\"/Users/shak/Desktop/Apps/Reactjs/amazon-clone/functions/node_modules/firebase-functions/lib/index.js\"}"}}
[debug] [2021-04-06T12:42:11.897Z] [runtime-status] [5060] firebase-admin has been stubbed. {"adminResolution":{"declared":true,"installed":true,"version":"9.5.0","resolution":"/Users/shak/Desktop/Apps/Reactjs/amazon-clone/functions/node_modules/firebase-admin/lib/index.js"}} {"metadata":{"emulator":{"name":"functions"},"function":{"name":"api"},"message":"[runtime-status] [5060] firebase-admin has been stubbed. {\"adminResolution\":{\"declared\":true,\"installed\":true,\"version\":\"9.5.0\",\"resolution\":\"/Users/shak/Desktop/Apps/Reactjs/amazon-clone/functions/node_modules/firebase-admin/lib/index.js\"}}"}}
[debug] [2021-04-06T12:42:11.966Z] [runtime-status] [5060] Trigger "api" has been found, beginning invocation! {"metadata":{"emulator":{"name":"functions"},"function":{"name":"api"},"message":"[runtime-status] [5060] Trigger \"api\" has been found, beginning invocation!"}}
[info] i  functions: Beginning execution of "api" {"metadata":{"emulator":{"name":"functions"},"function":{"name":"api"},"message":"Beginning execution of \"api\""}}
[debug] [2021-04-06T12:42:11.966Z] [runtime-status] [5060] triggerDefinition {"httpsTrigger":{},"name":"api","entryPoint":"api"} {"metadata":{"emulator":{"name":"functions"},"function":{"name":"api"},"message":"[runtime-status] [5060] triggerDefinition {\"httpsTrigger\":{},\"name\":\"api\",\"entryPoint\":\"api\"}"}}
[debug] [2021-04-06T12:42:11.966Z] [runtime-status] [5060] Running api in mode HTTPS {"metadata":{"emulator":{"name":"functions"},"function":{"name":"api"},"message":"[runtime-status] [5060] Running api in mode HTTPS"}}
[debug] [2021-04-06T12:42:11.969Z] [runtime-status] [5060] Attempting to listen to socketPath: /var/folders/8w/jv8q_h0j6j1b08s1xjdt08fc0000gn/T/fire_emu_5060.sock {"metadata":{"emulator":{"name":"functions"},"function":{"name":"api"},"message":"[runtime-status] [5060] Attempting to listen to socketPath: /var/folders/8w/jv8q_h0j6j1b08s1xjdt08fc0000gn/T/fire_emu_5060.sock"}}
[debug] [2021-04-06T12:42:11.971Z] [functions] Runtime ready! Sending request! {"metadata":{"emulator":{"name":"functions"},"message":"[functions] Runtime ready! Sending request!"}}
[debug] [2021-04-06T12:42:11.972Z] [functions] Got req.url=/clone-18bba/us-central1/api, mapping to path=/ {"metadata":{"emulator":{"name":"functions"},"message":"[functions] Got req.url=/clone-18bba/us-central1/api, mapping to path=/"}}
[debug] [2021-04-06T12:42:11.979Z] [runtime-status] [5060] Ephemeral server handling GET request {"metadata":{"emulator":{"name":"functions"},"function":{"name":"api"},"message":"[runtime-status] [5060] Ephemeral server handling GET request"}}
[debug] [2021-04-06T12:42:11.985Z] [runtime-status] [5060] Ephemeral server survived. {"metadata":{"emulator":{"name":"functions"},"function":{"name":"api"},"message":"[runtime-status] [5060] Ephemeral server survived."}}
[info] i  functions: Finished "api" in ~1s {"metadata":{"emulator":{"name":"functions"},"function":{"name":"api"},"message":"Finished \"api\" in ~1s"}}
[debug] [2021-04-06T12:42:11.989Z] [worker-api-ba8ef2d4-2b55-4fc6-a0d9-2df452cf916d]: IDLE {"metadata":{"emulator":{"name":"functions"},"message":"[worker-api-ba8ef2d4-2b55-4fc6-a0d9-2df452cf916d]: IDLE"}}
[debug] [2021-04-06T12:42:11.989Z] [work-queue] {"queueLength":0,"workRunningCount":0}
[debug] [2021-04-06T12:42:39.753Z] [work-queue] {"queueLength":1,"workRunningCount":0}
[debug] [2021-04-06T12:42:39.753Z] [work-queue] {"queueLength":0,"workRunningCount":1}
[debug] [2021-04-06T12:42:39.753Z] Accepted request POST /clone-18bba/us-central1/api/payments/create?total=8997 --> api
[debug] [2021-04-06T12:42:39.754Z] [worker-pool] submitWork(triggerId=api) {"metadata":{"emulator":{"name":"functions"},"message":"[worker-pool] submitWork(triggerId=api)"}}
[debug] [2021-04-06T12:42:39.754Z] [worker-api-ba8ef2d4-2b55-4fc6-a0d9-2df452cf916d]: Assigning socketPath: /var/folders/8w/jv8q_h0j6j1b08s1xjdt08fc0000gn/T/fire_emu_5060.sock {"metadata":{"emulator":{"name":"functions"},"message":"[worker-api-ba8ef2d4-2b55-4fc6-a0d9-2df452cf916d]: Assigning socketPath: /var/folders/8w/jv8q_h0j6j1b08s1xjdt08fc0000gn/T/fire_emu_5060.sock"}}
[debug] [2021-04-06T12:42:39.754Z] [worker-api-ba8ef2d4-2b55-4fc6-a0d9-2df452cf916d]: BUSY {"metadata":{"emulator":{"name":"functions"},"message":"[worker-api-ba8ef2d4-2b55-4fc6-a0d9-2df452cf916d]: BUSY"}}
[debug] [2021-04-06T12:42:39.755Z] [runtime-status] [5060] Trigger "api" has been found, beginning invocation! {"metadata":{"emulator":{"name":"functions"},"function":{"name":"api"},"message":"[runtime-status] [5060] Trigger \"api\" has been found, beginning invocation!"}}
[info] i  functions: Beginning execution of "api" {"metadata":{"emulator":{"name":"functions"},"function":{"name":"api"},"message":"Beginning execution of \"api\""}}
[debug] [2021-04-06T12:42:39.755Z] [runtime-status] [5060] triggerDefinition {"httpsTrigger":{},"name":"api","entryPoint":"api"} {"metadata":{"emulator":{"name":"functions"},"function":{"name":"api"},"message":"[runtime-status] [5060] triggerDefinition {\"httpsTrigger\":{},\"name\":\"api\",\"entryPoint\":\"api\"}"}}
[debug] [2021-04-06T12:42:39.756Z] [runtime-status] [5060] Running api in mode HTTPS {"metadata":{"emulator":{"name":"functions"},"function":{"name":"api"},"message":"[runtime-status] [5060] Running api in mode HTTPS"}}
[debug] [2021-04-06T12:42:39.756Z] [runtime-status] [5060] Attempting to listen to socketPath: /var/folders/8w/jv8q_h0j6j1b08s1xjdt08fc0000gn/T/fire_emu_5060.sock {"metadata":{"emulator":{"name":"functions"},"function":{"name":"api"},"message":"[runtime-status] [5060] Attempting to listen to socketPath: /var/folders/8w/jv8q_h0j6j1b08s1xjdt08fc0000gn/T/fire_emu_5060.sock"}}
[debug] [2021-04-06T12:42:39.756Z] [functions] Runtime ready! Sending request! {"metadata":{"emulator":{"name":"functions"},"message":"[functions] Runtime ready! Sending request!"}}
[debug] [2021-04-06T12:42:39.756Z] [functions] Got req.url=/clone-18bba/us-central1/api/payments/create?total=8997, mapping to path=/payments/create?total=8997 {"metadata":{"emulator":{"name":"functions"},"message":"[functions] Got req.url=/clone-18bba/us-central1/api/payments/create?total=8997, mapping to path=/payments/create?total=8997"}}
[debug] [2021-04-06T12:42:39.758Z] [runtime-status] [5060] Ephemeral server handling POST request {"metadata":{"emulator":{"name":"functions"},"function":{"name":"api"},"message":"[runtime-status] [5060] Ephemeral server handling POST request"}}
[info] >  Payment Request Received BOOM !!! for this amount >>> 8997 {"user":"Payment Request Received BOOM !!! for this amount >>> 8997","metadata":{"emulator":{"name":"functions"},"function":{"name":"api"},"message":"\u001b[90m> \u001b[39m Payment Request Received BOOM !!! for this amount >>> 8997"}}
[debug] [2021-04-06T12:42:39.767Z] [runtime-status] [5060] Ephemeral server survived. {"metadata":{"emulator":{"name":"functions"},"function":{"name":"api"},"message":"[runtime-status] [5060] Ephemeral server survived."}}
[info] i  functions: Finished "api" in ~1s {"metadata":{"emulator":{"name":"functions"},"function":{"name":"api"},"message":"Finished \"api\" in ~1s"}}
[debug] [2021-04-06T12:42:40.736Z] [worker-api-ba8ef2d4-2b55-4fc6-a0d9-2df452cf916d]: IDLE {"metadata":{"emulator":{"name":"functions"},"message":"[worker-api-ba8ef2d4-2b55-4fc6-a0d9-2df452cf916d]: IDLE"}}
[debug] [2021-04-06T12:42:40.737Z] [work-queue] {"queueLength":0,"workRunningCount":0}
[debug] [2021-04-06T14:28:41.585Z] [work-queue] {"queueLength":1,"workRunningCount":0}
[debug] [2021-04-06T14:28:41.585Z] [work-queue] {"queueLength":0,"workRunningCount":1}
[debug] [2021-04-06T14:28:41.585Z] Accepted request POST /clone-18bba/us-central1/api/payments/create?total=5998 --> api
[debug] [2021-04-06T14:28:41.585Z] [worker-pool] submitWork(triggerId=api) {"metadata":{"emulator":{"name":"functions"},"message":"[worker-pool] submitWork(triggerId=api)"}}
[debug] [2021-04-06T14:28:41.585Z] [worker-api-ba8ef2d4-2b55-4fc6-a0d9-2df452cf916d]: Assigning socketPath: /var/folders/8w/jv8q_h0j6j1b08s1xjdt08fc0000gn/T/fire_emu_5060.sock {"metadata":{"emulator":{"name":"functions"},"message":"[worker-api-ba8ef2d4-2b55-4fc6-a0d9-2df452cf916d]: Assigning socketPath: /var/folders/8w/jv8q_h0j6j1b08s1xjdt08fc0000gn/T/fire_emu_5060.sock"}}
[debug] [2021-04-06T14:28:41.585Z] [worker-api-ba8ef2d4-2b55-4fc6-a0d9-2df452cf916d]: BUSY {"metadata":{"emulator":{"name":"functions"},"message":"[worker-api-ba8ef2d4-2b55-4fc6-a0d9-2df452cf916d]: BUSY"}}
[debug] [2021-04-06T14:28:41.586Z] [runtime-status] [5060] Trigger "api" has been found, beginning invocation! {"metadata":{"emulator":{"name":"functions"},"function":{"name":"api"},"message":"[runtime-status] [5060] Trigger \"api\" has been found, beginning invocation!"}}
[info] i  functions: Beginning execution of "api" {"metadata":{"emulator":{"name":"functions"},"function":{"name":"api"},"message":"Beginning execution of \"api\""}}
[debug] [2021-04-06T14:28:41.586Z] [runtime-status] [5060] triggerDefinition {"httpsTrigger":{},"name":"api","entryPoint":"api"} {"metadata":{"emulator":{"name":"functions"},"function":{"name":"api"},"message":"[runtime-status] [5060] triggerDefinition {\"httpsTrigger\":{},\"name\":\"api\",\"entryPoint\":\"api\"}"}}
[debug] [2021-04-06T14:28:41.586Z] [runtime-status] [5060] Running api in mode HTTPS {"metadata":{"emulator":{"name":"functions"},"function":{"name":"api"},"message":"[runtime-status] [5060] Running api in mode HTTPS"}}
[debug] [2021-04-06T14:28:41.587Z] [runtime-status] [5060] Attempting to listen to socketPath: /var/folders/8w/jv8q_h0j6j1b08s1xjdt08fc0000gn/T/fire_emu_5060.sock {"metadata":{"emulator":{"name":"functions"},"function":{"name":"api"},"message":"[runtime-status] [5060] Attempting to listen to socketPath: /var/folders/8w/jv8q_h0j6j1b08s1xjdt08fc0000gn/T/fire_emu_5060.sock"}}
[debug] [2021-04-06T14:28:41.588Z] [functions] Runtime ready! Sending request! {"metadata":{"emulator":{"name":"functions"},"message":"[functions] Runtime ready! Sending request!"}}
[debug] [2021-04-06T14:28:41.588Z] [functions] Got req.url=/clone-18bba/us-central1/api/payments/create?total=5998, mapping to path=/payments/create?total=5998 {"metadata":{"emulator":{"name":"functions"},"message":"[functions] Got req.url=/clone-18bba/us-central1/api/payments/create?total=5998, mapping to path=/payments/create?total=5998"}}
[debug] [2021-04-06T14:28:41.590Z] [runtime-status] [5060] Ephemeral server handling POST request {"metadata":{"emulator":{"name":"functions"},"function":{"name":"api"},"message":"[runtime-status] [5060] Ephemeral server handling POST request"}}
[info] >  Payment Request Received BOOM !!! for this amount >>> 5998 {"user":"Payment Request Received BOOM !!! for this amount >>> 5998","metadata":{"emulator":{"name":"functions"},"function":{"name":"api"},"message":"\u001b[90m> \u001b[39m Payment Request Received BOOM !!! for this amount >>> 5998"}}
[debug] [2021-04-06T14:28:41.592Z] [runtime-status] [5060] Ephemeral server survived. {"metadata":{"emulator":{"name":"functions"},"function":{"name":"api"},"message":"[runtime-status] [5060] Ephemeral server survived."}}
[info] i  functions: Finished "api" in ~1s {"metadata":{"emulator":{"name":"functions"},"function":{"name":"api"},"message":"Finished \"api\" in ~1s"}}
[debug] [2021-04-06T14:28:42.407Z] [worker-api-ba8ef2d4-2b55-4fc6-a0d9-2df452cf916d]: IDLE {"metadata":{"emulator":{"name":"functions"},"message":"[worker-api-ba8ef2d4-2b55-4fc6-a0d9-2df452cf916d]: IDLE"}}
[debug] [2021-04-06T14:28:42.407Z] [work-queue] {"queueLength":0,"workRunningCount":0}
[debug] [2021-04-06T14:28:55.353Z] [work-queue] {"queueLength":1,"workRunningCount":0}
[debug] [2021-04-06T14:28:55.353Z] [work-queue] {"queueLength":0,"workRunningCount":1}
[debug] [2021-04-06T14:28:55.353Z] Accepted request POST /clone-18bba/us-central1/api/payments/create?total=0 --> api
[debug] [2021-04-06T14:28:55.353Z] [worker-pool] submitWork(triggerId=api) {"metadata":{"emulator":{"name":"functions"},"message":"[worker-pool] submitWork(triggerId=api)"}}
[debug] [2021-04-06T14:28:55.353Z] [worker-api-ba8ef2d4-2b55-4fc6-a0d9-2df452cf916d]: Assigning socketPath: /var/folders/8w/jv8q_h0j6j1b08s1xjdt08fc0000gn/T/fire_emu_5060.sock {"metadata":{"emulator":{"name":"functions"},"message":"[worker-api-ba8ef2d4-2b55-4fc6-a0d9-2df452cf916d]: Assigning socketPath: /var/folders/8w/jv8q_h0j6j1b08s1xjdt08fc0000gn/T/fire_emu_5060.sock"}}
[debug] [2021-04-06T14:28:55.353Z] [worker-api-ba8ef2d4-2b55-4fc6-a0d9-2df452cf916d]: BUSY {"metadata":{"emulator":{"name":"functions"},"message":"[worker-api-ba8ef2d4-2b55-4fc6-a0d9-2df452cf916d]: BUSY"}}
[debug] [2021-04-06T14:28:55.354Z] [runtime-status] [5060] Trigger "api" has been found, beginning invocation! {"metadata":{"emulator":{"name":"functions"},"function":{"name":"api"},"message":"[runtime-status] [5060] Trigger \"api\" has been found, beginning invocation!"}}
[info] i  functions: Beginning execution of "api" {"metadata":{"emulator":{"name":"functions"},"function":{"name":"api"},"message":"Beginning execution of \"api\""}}
[debug] [2021-04-06T14:28:55.354Z] [runtime-status] [5060] triggerDefinition {"httpsTrigger":{},"name":"api","entryPoint":"api"} {"metadata":{"emulator":{"name":"functions"},"function":{"name":"api"},"message":"[runtime-status] [5060] triggerDefinition {\"httpsTrigger\":{},\"name\":\"api\",\"entryPoint\":\"api\"}"}}
[debug] [2021-04-06T14:28:55.354Z] [runtime-status] [5060] Running api in mode HTTPS {"metadata":{"emulator":{"name":"functions"},"function":{"name":"api"},"message":"[runtime-status] [5060] Running api in mode HTTPS"}}
[debug] [2021-04-06T14:28:55.355Z] [runtime-status] [5060] Attempting to listen to socketPath: /var/folders/8w/jv8q_h0j6j1b08s1xjdt08fc0000gn/T/fire_emu_5060.sock {"metadata":{"emulator":{"name":"functions"},"function":{"name":"api"},"message":"[runtime-status] [5060] Attempting to listen to socketPath: /var/folders/8w/jv8q_h0j6j1b08s1xjdt08fc0000gn/T/fire_emu_5060.sock"}}
[debug] [2021-04-06T14:28:55.355Z] [functions] Runtime ready! Sending request! {"metadata":{"emulator":{"name":"functions"},"message":"[functions] Runtime ready! Sending request!"}}
[debug] [2021-04-06T14:28:55.355Z] [functions] Got req.url=/clone-18bba/us-central1/api/payments/create?total=0, mapping to path=/payments/create?total=0 {"metadata":{"emulator":{"name":"functions"},"message":"[functions] Got req.url=/clone-18bba/us-central1/api/payments/create?total=0, mapping to path=/payments/create?total=0"}}
[debug] [2021-04-06T14:28:55.356Z] [runtime-status] [5060] Ephemeral server handling POST request {"metadata":{"emulator":{"name":"functions"},"function":{"name":"api"},"message":"[runtime-status] [5060] Ephemeral server handling POST request"}}
[info] >  Payment Request Received BOOM !!! for this amount >>> 0 {"user":"Payment Request Received BOOM !!! for this amount >>> 0","metadata":{"emulator":{"name":"functions"},"function":{"name":"api"},"message":"\u001b[90m> \u001b[39m Payment Request Received BOOM !!! for this amount >>> 0"}}
[debug] [2021-04-06T14:28:55.357Z] [runtime-status] [5060] Ephemeral server survived. {"metadata":{"emulator":{"name":"functions"},"function":{"name":"api"},"message":"[runtime-status] [5060] Ephemeral server survived."}}
[info] >  (node:5060) UnhandledPromiseRejectionWarning: Error: This value must be greater than or equal to 1. {"user":"(node:5060) UnhandledPromiseRejectionWarning: Error: This value must be greater than or equal to 1.","metadata":{"emulator":{"name":"functions"},"function":{"name":"api"},"message":"\u001b[90m> \u001b[39m (node:5060) UnhandledPromiseRejectionWarning: Error: This value must be greater than or equal to 1."}}
[info] >      at Function.generate (/Users/shak/Desktop/Apps/Reactjs/amazon-clone/functions/node_modules/stripe/lib/Error.js:40:16) {"user":"    at Function.generate (/Users/shak/Desktop/Apps/Reactjs/amazon-clone/functions/node_modules/stripe/lib/Error.js:40:16)","metadata":{"emulator":{"name":"functions"},"function":{"name":"api"},"message":"\u001b[90m> \u001b[39m     at Function.generate (/Users/shak/Desktop/Apps/Reactjs/amazon-clone/functions/node_modules/stripe/lib/Error.js:40:16)"}}
[info] >      at IncomingMessage.<anonymous> (/Users/shak/Desktop/Apps/Reactjs/amazon-clone/functions/node_modules/stripe/lib/StripeResource.js:180:33) {"user":"    at IncomingMessage.<anonymous> (/Users/shak/Desktop/Apps/Reactjs/amazon-clone/functions/node_modules/stripe/lib/StripeResource.js:180:33)","metadata":{"emulator":{"name":"functions"},"function":{"name":"api"},"message":"\u001b[90m> \u001b[39m     at IncomingMessage.<anonymous> (/Users/shak/Desktop/Apps/Reactjs/amazon-clone/functions/node_modules/stripe/lib/StripeResource.js:180:33)"}}
[info] >      at Object.onceWrapper (events.js:421:28) {"user":"    at Object.onceWrapper (events.js:421:28)","metadata":{"emulator":{"name":"functions"},"function":{"name":"api"},"message":"\u001b[90m> \u001b[39m     at Object.onceWrapper (events.js:421:28)"}}
[info] >      at IncomingMessage.emit (events.js:327:22) {"user":"    at IncomingMessage.emit (events.js:327:22)","metadata":{"emulator":{"name":"functions"},"function":{"name":"api"},"message":"\u001b[90m> \u001b[39m     at IncomingMessage.emit (events.js:327:22)"}}
[info] >      at endReadableNT (_stream_readable.js:1327:12) {"user":"    at endReadableNT (_stream_readable.js:1327:12)","metadata":{"emulator":{"name":"functions"},"function":{"name":"api"},"message":"\u001b[90m> \u001b[39m     at endReadableNT (_stream_readable.js:1327:12)"}}
[info] >      at processTicksAndRejections (internal/process/task_queues.js:80:21) {"user":"    at processTicksAndRejections (internal/process/task_queues.js:80:21)","metadata":{"emulator":{"name":"functions"},"function":{"name":"api"},"message":"\u001b[90m> \u001b[39m     at processTicksAndRejections (internal/process/task_queues.js:80:21)"}}
[info] >  (Use `node --trace-warnings ...` to show where the warning was created) {"user":"(Use `node --trace-warnings ...` to show where the warning was created)","metadata":{"emulator":{"name":"functions"},"function":{"name":"api"},"message":"\u001b[90m> \u001b[39m (Use `node --trace-warnings ...` to show where the warning was created)"}}
[info] >  (node:5060) UnhandledPromiseRejectionWarning: Unhandled promise rejection. This error originated either by throwing inside of an async function without a catch block, or by rejecting a promise which was not handled with .catch(). To terminate the node process on unhandled promise rejection, use the CLI flag `--unhandled-rejections=strict` (see https://nodejs.org/api/cli.html#cli_unhandled_rejections_mode). (rejection id: 1) {"user":"(node:5060) UnhandledPromiseRejectionWarning: Unhandled promise rejection. This error originated either by throwing inside of an async function without a catch block, or by rejecting a promise which was not handled with .catch(). To terminate the node process on unhandled promise rejection, use the CLI flag `--unhandled-rejections=strict` (see https://nodejs.org/api/cli.html#cli_unhandled_rejections_mode). (rejection id: 1)","metadata":{"emulator":{"name":"functions"},"function":{"name":"api"},"message":"\u001b[90m> \u001b[39m (node:5060) UnhandledPromiseRejectionWarning: Unhandled promise rejection. This error originated either by throwing inside of an async function without a catch block, or by rejecting a promise which was not handled with .catch(). To terminate the node process on unhandled promise rejection, use the CLI flag `--unhandled-rejections=strict` (see https://nodejs.org/api/cli.html#cli_unhandled_rejections_mode). (rejection id: 1)"}}
[info] >  (node:5060) [DEP0018] DeprecationWarning: Unhandled promise rejections are deprecated. In the future, promise rejections that are not handled will terminate the Node.js process with a non-zero exit code. {"user":"(node:5060) [DEP0018] DeprecationWarning: Unhandled promise rejections are deprecated. In the future, promise rejections that are not handled will terminate the Node.js process with a non-zero exit code.","metadata":{"emulator":{"name":"functions"},"function":{"name":"api"},"message":"\u001b[90m> \u001b[39m (node:5060) [DEP0018] DeprecationWarning: Unhandled promise rejections are deprecated. In the future, promise rejections that are not handled will terminate the Node.js process with a non-zero exit code."}}
[warn] ⚠  functions: Your function timed out after ~60s. To configure this timeout, see
      https://firebase.google.com/docs/functions/manage-functions#set_timeout_and_memory_allocation. {"metadata":{"emulator":{"name":"functions"},"function":{"name":"api"},"message":"Your function timed out after ~60s. To configure this timeout, see\n      https://firebase.google.com/docs/functions/manage-functions#set_timeout_and_memory_allocation."}}
[info] >  /usr/local/lib/node_modules/firebase-tools/lib/emulator/functionsEmulatorRuntime.js:642 {"user":"/usr/local/lib/node_modules/firebase-tools/lib/emulator/functionsEmulatorRuntime.js:642","metadata":{"emulator":{"name":"functions"},"function":{"name":"api"},"message":"\u001b[90m> \u001b[39m /usr/local/lib/node_modules/firebase-tools/lib/emulator/functionsEmulatorRuntime.js:642"}}
[info] >              throw new Error("Function timed out."); {"user":"            throw new Error(\"Function timed out.\");","metadata":{"emulator":{"name":"functions"},"function":{"name":"api"},"message":"\u001b[90m> \u001b[39m             throw new Error(\"Function timed out.\");"}}
[info] >              ^ {"user":"            ^","metadata":{"emulator":{"name":"functions"},"function":{"name":"api"},"message":"\u001b[90m> \u001b[39m             ^"}}
[info] >   {"user":"","metadata":{"emulator":{"name":"functions"},"function":{"name":"api"},"message":"\u001b[90m> \u001b[39m "}}
[info] >  Error: Function timed out. {"user":"Error: Function timed out.","metadata":{"emulator":{"name":"functions"},"function":{"name":"api"},"message":"\u001b[90m> \u001b[39m Error: Function timed out."}}
[info] >      at Timeout._onTimeout (/usr/local/lib/node_modules/firebase-tools/lib/emulator/functionsEmulatorRuntime.js:642:19) {"user":"    at Timeout._onTimeout (/usr/local/lib/node_modules/firebase-tools/lib/emulator/functionsEmulatorRuntime.js:642:19)","metadata":{"emulator":{"name":"functions"},"function":{"name":"api"},"message":"\u001b[90m> \u001b[39m     at Timeout._onTimeout (/usr/local/lib/node_modules/firebase-tools/lib/emulator/functionsEmulatorRuntime.js:642:19)"}}
[info] >      at listOnTimeout (internal/timers.js:554:17) {"user":"    at listOnTimeout (internal/timers.js:554:17)","metadata":{"emulator":{"name":"functions"},"function":{"name":"api"},"message":"\u001b[90m> \u001b[39m     at listOnTimeout (internal/timers.js:554:17)"}}
[info] >      at processTimers (internal/timers.js:497:7) {"user":"    at processTimers (internal/timers.js:497:7)","metadata":{"emulator":{"name":"functions"},"function":{"name":"api"},"message":"\u001b[90m> \u001b[39m     at processTimers (internal/timers.js:497:7)"}}
[debug] [2021-04-06T14:29:55.366Z] [worker-api-ba8ef2d4-2b55-4fc6-a0d9-2df452cf916d]: exited {"metadata":{"emulator":{"name":"functions"},"message":"[worker-api-ba8ef2d4-2b55-4fc6-a0d9-2df452cf916d]: exited"}}
[debug] [2021-04-06T14:29:55.366Z] [worker-api-ba8ef2d4-2b55-4fc6-a0d9-2df452cf916d]: FINISHED {"metadata":{"emulator":{"name":"functions"},"message":"[worker-api-ba8ef2d4-2b55-4fc6-a0d9-2df452cf916d]: FINISHED"}}
[debug] [2021-04-06T14:29:55.366Z] [work-queue] {"queueLength":0,"workRunningCount":0}
